1574249366946	mozrunner::runner	INFO	Running command: "/usr/bin/firefox" "-marionette" "-foreground" "-no-remote" "-profile" "/tmp/rust_mozprofiles8c7iQ"
1574249368291	addons.webextension.screenshots@mozilla.org	WARN	Loading extension 'screenshots@mozilla.org': Reading manifest: Invalid extension permission: mozillaAddons
1574249368291	addons.webextension.screenshots@mozilla.org	WARN	Loading extension 'screenshots@mozilla.org': Reading manifest: Invalid extension permission: telemetry
1574249368291	addons.webextension.screenshots@mozilla.org	WARN	Loading extension 'screenshots@mozilla.org': Reading manifest: Invalid extension permission: resource://pdf.js/
1574249368291	addons.webextension.screenshots@mozilla.org	WARN	Loading extension 'screenshots@mozilla.org': Reading manifest: Invalid extension permission: about:reader*
1574249370874	Marionette	INFO	Listening on port 37205
1574249370966	Marionette	WARN	TLS certificate errors will be ignored for this session
[Parent 5846, Gecko_IOThread] WARNING: pipe error (63): Conexão fechada pela outra ponta: file /build/firefox-y69xGy/firefox-70.0.1+build1/ipc/chromium/src/chrome/common/ipc_channel_posix.cc, line 358
[Parent 5846, Gecko_IOThread] WARNING: pipe error (78): Conexão fechada pela outra ponta: file /build/firefox-y69xGy/firefox-70.0.1+build1/ipc/chromium/src/chrome/common/ipc_channel_posix.cc, line 358
1574249404542	Marionette	INFO	Stopped listening on port 37205
1574249421823	mozrunner::runner	INFO	Running command: "/usr/bin/firefox" "-marionette" "-foreground" "-no-remote" "-profile" "/tmp/rust_mozprofile8bbZQp"
1574249422470	addons.webextension.screenshots@mozilla.org	WARN	Loading extension 'screenshots@mozilla.org': Reading manifest: Invalid extension permission: mozillaAddons
1574249422471	addons.webextension.screenshots@mozilla.org	WARN	Loading extension 'screenshots@mozilla.org': Reading manifest: Invalid extension permission: telemetry
1574249422471	addons.webextension.screenshots@mozilla.org	WARN	Loading extension 'screenshots@mozilla.org': Reading manifest: Invalid extension permission: resource://pdf.js/
1574249422471	addons.webextension.screenshots@mozilla.org	WARN	Loading extension 'screenshots@mozilla.org': Reading manifest: Invalid extension permission: about:reader*
1574249424786	Marionette	INFO	Listening on port 36351
1574249424851	Marionette	WARN	TLS certificate errors will be ignored for this session
1574249454452	mozrunner::runner	INFO	Running command: "/usr/bin/firefox" "-marionette" "-foreground" "-no-remote" "-profile" "/tmp/rust_mozprofileeVvjsO"
1574249455087	addons.webextension.screenshots@mozilla.org	WARN	Loading extension 'screenshots@mozilla.org': Reading manifest: Invalid extension permission: mozillaAddons
1574249455088	addons.webextension.screenshots@mozilla.org	WARN	Loading extension 'screenshots@mozilla.org': Reading manifest: Invalid extension permission: telemetry
1574249455088	addons.webextension.screenshots@mozilla.org	WARN	Loading extension 'screenshots@mozilla.org': Reading manifest: Invalid extension permission: resource://pdf.js/
1574249455088	addons.webextension.screenshots@mozilla.org	WARN	Loading extension 'screenshots@mozilla.org': Reading manifest: Invalid extension permission: about:reader*
1574249457436	Marionette	INFO	Listening on port 46859
1574249457497	Marionette	WARN	TLS certificate errors will be ignored for this session
[Parent 6211, Gecko_IOThread] WARNING: pipe error (81): Conexão fechada pela outra ponta: file /build/firefox-y69xGy/firefox-70.0.1+build1/ipc/chromium/src/chrome/common/ipc_channel_posix.cc, line 358
[Parent 6211, Gecko_IOThread] WARNING: pipe error (78): Conexão fechada pela outra ponta: file /build/firefox-y69xGy/firefox-70.0.1+build1/ipc/chromium/src/chrome/common/ipc_channel_posix.cc, line 358
1574249474336	Marionette	INFO	Stopped listening on port 36351
1574249476071	Marionette	INFO	Stopped listening on port 46859
1574249781871	mozrunner::runner	INFO	Running command: "/usr/bin/firefox" "-marionette" "-foreground" "-no-remote" "-profile" "/tmp/rust_mozprofileghgV0y"
1574249782513	addons.webextension.screenshots@mozilla.org	WARN	Loading extension 'screenshots@mozilla.org': Reading manifest: Invalid extension permission: mozillaAddons
1574249782513	addons.webextension.screenshots@mozilla.org	WARN	Loading extension 'screenshots@mozilla.org': Reading manifest: Invalid extension permission: telemetry
1574249782513	addons.webextension.screenshots@mozilla.org	WARN	Loading extension 'screenshots@mozilla.org': Reading manifest: Invalid extension permission: resource://pdf.js/
1574249782513	addons.webextension.screenshots@mozilla.org	WARN	Loading extension 'screenshots@mozilla.org': Reading manifest: Invalid extension permission: about:reader*
1574249784775	Marionette	INFO	Listening on port 41725
1574249784794	Marionette	WARN	TLS certificate errors will be ignored for this session
1574249829044	mozrunner::runner	INFO	Running command: "/usr/bin/firefox" "-marionette" "-foreground" "-no-remote" "-profile" "/tmp/rust_mozprofileeQAvIx"
1574249829651	addons.webextension.screenshots@mozilla.org	WARN	Loading extension 'screenshots@mozilla.org': Reading manifest: Invalid extension permission: mozillaAddons
1574249829651	addons.webextension.screenshots@mozilla.org	WARN	Loading extension 'screenshots@mozilla.org': Reading manifest: Invalid extension permission: telemetry
1574249829652	addons.webextension.screenshots@mozilla.org	WARN	Loading extension 'screenshots@mozilla.org': Reading manifest: Invalid extension permission: resource://pdf.js/
1574249829652	addons.webextension.screenshots@mozilla.org	WARN	Loading extension 'screenshots@mozilla.org': Reading manifest: Invalid extension permission: about:reader*
1574249831794	Marionette	INFO	Listening on port 33129
1574249831852	Marionette	WARN	TLS certificate errors will be ignored for this session
1574249836396	Marionette	INFO	Stopped listening on port 33129
[Parent 7079, Gecko_IOThread] WARNING: pipe error (81): Conexão fechada pela outra ponta: file /build/firefox-y69xGy/firefox-70.0.1+build1/ipc/chromium/src/chrome/common/ipc_channel_posix.cc, line 358
[Parent 7079, Gecko_IOThread] WARNING: pipe error (78): Conexão fechada pela outra ponta: file /build/firefox-y69xGy/firefox-70.0.1+build1/ipc/chromium/src/chrome/common/ipc_channel_posix.cc, line 358
1574249839471	Marionette	INFO	Stopped listening on port 41725
JavaScript error: resource://gre/modules/osfile/osfile_async_front.jsm, line 426: Error: OS.File has been shut down. Rejecting post to stat
1574249843075	mozrunner::runner	INFO	Running command: "/usr/bin/firefox" "-marionette" "-foreground" "-no-remote" "-profile" "/tmp/rust_mozprofileiMTLlD"
1574249843688	addons.webextension.screenshots@mozilla.org	WARN	Loading extension 'screenshots@mozilla.org': Reading manifest: Invalid extension permission: mozillaAddons
1574249843688	addons.webextension.screenshots@mozilla.org	WARN	Loading extension 'screenshots@mozilla.org': Reading manifest: Invalid extension permission: telemetry
1574249843689	addons.webextension.screenshots@mozilla.org	WARN	Loading extension 'screenshots@mozilla.org': Reading manifest: Invalid extension permission: resource://pdf.js/
1574249843689	addons.webextension.screenshots@mozilla.org	WARN	Loading extension 'screenshots@mozilla.org': Reading manifest: Invalid extension permission: about:reader*
1574249845919	Marionette	INFO	Listening on port 39425
1574249845984	Marionette	WARN	TLS certificate errors will be ignored for this session
1574249865182	Marionette	INFO	Stopped listening on port 39425
1574250310303	mozrunner::runner	INFO	Running command: "/usr/bin/firefox" "-marionette" "-foreground" "-no-remote" "-profile" "/tmp/rust_mozprofileqNiDOd"
1574250310973	addons.webextension.screenshots@mozilla.org	WARN	Loading extension 'screenshots@mozilla.org': Reading manifest: Invalid extension permission: mozillaAddons
1574250310973	addons.webextension.screenshots@mozilla.org	WARN	Loading extension 'screenshots@mozilla.org': Reading manifest: Invalid extension permission: telemetry
1574250310973	addons.webextension.screenshots@mozilla.org	WARN	Loading extension 'screenshots@mozilla.org': Reading manifest: Invalid extension permission: resource://pdf.js/
1574250310973	addons.webextension.screenshots@mozilla.org	WARN	Loading extension 'screenshots@mozilla.org': Reading manifest: Invalid extension permission: about:reader*
1574250313161	Marionette	INFO	Listening on port 37755
1574250313212	Marionette	WARN	TLS certificate errors will be ignored for this session
1574250320955	Marionette	INFO	Stopped listening on port 37755
1574250374301	mozrunner::runner	INFO	Running command: "/usr/bin/firefox" "-marionette" "-foreground" "-no-remote" "-profile" "/tmp/rust_mozprofileVqm9jW"
1574250374942	addons.webextension.screenshots@mozilla.org	WARN	Loading extension 'screenshots@mozilla.org': Reading manifest: Invalid extension permission: mozillaAddons
1574250374942	addons.webextension.screenshots@mozilla.org	WARN	Loading extension 'screenshots@mozilla.org': Reading manifest: Invalid extension permission: telemetry
1574250374942	addons.webextension.screenshots@mozilla.org	WARN	Loading extension 'screenshots@mozilla.org': Reading manifest: Invalid extension permission: resource://pdf.js/
1574250374943	addons.webextension.screenshots@mozilla.org	WARN	Loading extension 'screenshots@mozilla.org': Reading manifest: Invalid extension permission: about:reader*
1574250377259	Marionette	INFO	Listening on port 35745
1574250377312	Marionette	WARN	TLS certificate errors will be ignored for this session
1574250385560	Marionette	INFO	Stopped listening on port 35745
1574392126552	mozrunner::runner	INFO	Running command: "/usr/bin/firefox" "-marionette" "-foreground" "-no-remote" "-profile" "/tmp/rust_mozprofilet7LBXQ"
1574392127201	addons.webextension.screenshots@mozilla.org	WARN	Loading extension 'screenshots@mozilla.org': Reading manifest: Invalid extension permission: mozillaAddons
1574392127201	addons.webextension.screenshots@mozilla.org	WARN	Loading extension 'screenshots@mozilla.org': Reading manifest: Invalid extension permission: telemetry
1574392127201	addons.webextension.screenshots@mozilla.org	WARN	Loading extension 'screenshots@mozilla.org': Reading manifest: Invalid extension permission: resource://pdf.js/
1574392127201	addons.webextension.screenshots@mozilla.org	WARN	Loading extension 'screenshots@mozilla.org': Reading manifest: Invalid extension permission: about:reader*
1574392129520	Marionette	INFO	Listening on port 45719
1574392129572	Marionette	WARN	TLS certificate errors will be ignored for this session
1574392150500	Marionette	INFO	Stopped listening on port 45719
1574392546536	mozrunner::runner	INFO	Running command: "/usr/bin/firefox" "-marionette" "-foreground" "-no-remote" "-profile" "/tmp/rust_mozprofilezeIhXl"
1574392547176	addons.webextension.screenshots@mozilla.org	WARN	Loading extension 'screenshots@mozilla.org': Reading manifest: Invalid extension permission: mozillaAddons
1574392547177	addons.webextension.screenshots@mozilla.org	WARN	Loading extension 'screenshots@mozilla.org': Reading manifest: Invalid extension permission: telemetry
1574392547177	addons.webextension.screenshots@mozilla.org	WARN	Loading extension 'screenshots@mozilla.org': Reading manifest: Invalid extension permission: resource://pdf.js/
1574392547177	addons.webextension.screenshots@mozilla.org	WARN	Loading extension 'screenshots@mozilla.org': Reading manifest: Invalid extension permission: about:reader*
1574392549631	Marionette	INFO	Listening on port 35667
1574392549653	Marionette	WARN	TLS certificate errors will be ignored for this session
[Parent 29059, Gecko_IOThread] WARNING: pipe error (78): Conexão fechada pela outra ponta: file /build/firefox-y69xGy/firefox-70.0.1+build1/ipc/chromium/src/chrome/common/ipc_channel_posix.cc, line 358
1574392559949	Marionette	INFO	Stopped listening on port 35667
1574392593833	mozrunner::runner	INFO	Running command: "/usr/bin/firefox" "-marionette" "-foreground" "-no-remote" "-profile" "/tmp/rust_mozprofilePdcP8B"
1574392594446	addons.webextension.screenshots@mozilla.org	WARN	Loading extension 'screenshots@mozilla.org': Reading manifest: Invalid extension permission: mozillaAddons
1574392594446	addons.webextension.screenshots@mozilla.org	WARN	Loading extension 'screenshots@mozilla.org': Reading manifest: Invalid extension permission: telemetry
1574392594446	addons.webextension.screenshots@mozilla.org	WARN	Loading extension 'screenshots@mozilla.org': Reading manifest: Invalid extension permission: resource://pdf.js/
1574392594446	addons.webextension.screenshots@mozilla.org	WARN	Loading extension 'screenshots@mozilla.org': Reading manifest: Invalid extension permission: about:reader*
1574392596858	Marionette	INFO	Listening on port 46123
1574392596942	Marionette	WARN	TLS certificate errors will be ignored for this session
1574392623106	Marionette	INFO	Stopped listening on port 46123
1574392682243	mozrunner::runner	INFO	Running command: "/usr/bin/firefox" "-marionette" "-foreground" "-no-remote" "-profile" "/tmp/rust_mozprofile060AW6"
1574392682959	addons.webextension.screenshots@mozilla.org	WARN	Loading extension 'screenshots@mozilla.org': Reading manifest: Invalid extension permission: mozillaAddons
1574392682959	addons.webextension.screenshots@mozilla.org	WARN	Loading extension 'screenshots@mozilla.org': Reading manifest: Invalid extension permission: telemetry
1574392682959	addons.webextension.screenshots@mozilla.org	WARN	Loading extension 'screenshots@mozilla.org': Reading manifest: Invalid extension permission: resource://pdf.js/
1574392682959	addons.webextension.screenshots@mozilla.org	WARN	Loading extension 'screenshots@mozilla.org': Reading manifest: Invalid extension permission: about:reader*
1574392685634	Marionette	INFO	Listening on port 40481
1574392685657	Marionette	WARN	TLS certificate errors will be ignored for this session
1574392720319	Marionette	INFO	Stopped listening on port 40481
1574392969319	mozrunner::runner	INFO	Running command: "/usr/bin/firefox" "-marionette" "-foreground" "-no-remote" "-profile" "/tmp/rust_mozprofile1SVV2q"
1574392969949	addons.webextension.screenshots@mozilla.org	WARN	Loading extension 'screenshots@mozilla.org': Reading manifest: Invalid extension permission: mozillaAddons
1574392969949	addons.webextension.screenshots@mozilla.org	WARN	Loading extension 'screenshots@mozilla.org': Reading manifest: Invalid extension permission: telemetry
1574392969950	addons.webextension.screenshots@mozilla.org	WARN	Loading extension 'screenshots@mozilla.org': Reading manifest: Invalid extension permission: resource://pdf.js/
1574392969950	addons.webextension.screenshots@mozilla.org	WARN	Loading extension 'screenshots@mozilla.org': Reading manifest: Invalid extension permission: about:reader*
1574392972260	Marionette	INFO	Listening on port 42351
1574392972330	Marionette	WARN	TLS certificate errors will be ignored for this session
1574393010356	Marionette	INFO	Stopped listening on port 42351
1574393047694	mozrunner::runner	INFO	Running command: "/usr/bin/firefox" "-marionette" "-foreground" "-no-remote" "-profile" "/tmp/rust_mozprofileeQcsFo"
1574393048329	addons.webextension.screenshots@mozilla.org	WARN	Loading extension 'screenshots@mozilla.org': Reading manifest: Invalid extension permission: mozillaAddons
1574393048329	addons.webextension.screenshots@mozilla.org	WARN	Loading extension 'screenshots@mozilla.org': Reading manifest: Invalid extension permission: telemetry
1574393048330	addons.webextension.screenshots@mozilla.org	WARN	Loading extension 'screenshots@mozilla.org': Reading manifest: Invalid extension permission: resource://pdf.js/
1574393048330	addons.webextension.screenshots@mozilla.org	WARN	Loading extension 'screenshots@mozilla.org': Reading manifest: Invalid extension permission: about:reader*
1574393050578	Marionette	INFO	Listening on port 42623
1574393050618	Marionette	WARN	TLS certificate errors will be ignored for this session
[Parent 30532, Gecko_IOThread] WARNING: pipe error (92): Conexão fechada pela outra ponta: file /build/firefox-y69xGy/firefox-70.0.1+build1/ipc/chromium/src/chrome/common/ipc_channel_posix.cc, line 358
[Parent 30532, Gecko_IOThread] WARNING: pipe error (78): Conexão fechada pela outra ponta: file /build/firefox-y69xGy/firefox-70.0.1+build1/ipc/chromium/src/chrome/common/ipc_channel_posix.cc, line 358
1574393157768	Marionette	INFO	Stopped listening on port 42623
1574393167912	mozrunner::runner	INFO	Running command: "/usr/bin/firefox" "-marionette" "-foreground" "-no-remote" "-profile" "/tmp/rust_mozprofileJIl1nU"
1574393168584	addons.webextension.screenshots@mozilla.org	WARN	Loading extension 'screenshots@mozilla.org': Reading manifest: Invalid extension permission: mozillaAddons
1574393168584	addons.webextension.screenshots@mozilla.org	WARN	Loading extension 'screenshots@mozilla.org': Reading manifest: Invalid extension permission: telemetry
1574393168584	addons.webextension.screenshots@mozilla.org	WARN	Loading extension 'screenshots@mozilla.org': Reading manifest: Invalid extension permission: resource://pdf.js/
1574393168585	addons.webextension.screenshots@mozilla.org	WARN	Loading extension 'screenshots@mozilla.org': Reading manifest: Invalid extension permission: about:reader*
1574393170873	Marionette	INFO	Listening on port 37173
1574393170921	Marionette	WARN	TLS certificate errors will be ignored for this session

(/usr/lib/firefox/firefox:31094): dconf-WARNING **: 00:26:20.723: Unable to open /var/lib/snapd/desktop/dconf/profile/user: Permissão negada
1574393667382	mozrunner::runner	INFO	Running command: "/usr/bin/firefox" "-marionette" "-foreground" "-no-remote" "-profile" "/tmp/rust_mozprofile5Jrl5K"
1574393668187	addons.webextension.screenshots@mozilla.org	WARN	Loading extension 'screenshots@mozilla.org': Reading manifest: Invalid extension permission: mozillaAddons
1574393668187	addons.webextension.screenshots@mozilla.org	WARN	Loading extension 'screenshots@mozilla.org': Reading manifest: Invalid extension permission: telemetry
1574393668187	addons.webextension.screenshots@mozilla.org	WARN	Loading extension 'screenshots@mozilla.org': Reading manifest: Invalid extension permission: resource://pdf.js/
1574393668188	addons.webextension.screenshots@mozilla.org	WARN	Loading extension 'screenshots@mozilla.org': Reading manifest: Invalid extension permission: about:reader*
1574393670860	Marionette	INFO	Listening on port 36941
1574393670911	Marionette	WARN	TLS certificate errors will be ignored for this session
1574393707376	Marionette	INFO	Stopped listening on port 36941
1574393708942	mozrunner::runner	INFO	Running command: "/usr/bin/firefox" "-marionette" "-foreground" "-no-remote" "-profile" "/tmp/rust_mozprofilehCRABH"
1574393709791	addons.webextension.screenshots@mozilla.org	WARN	Loading extension 'screenshots@mozilla.org': Reading manifest: Invalid extension permission: mozillaAddons
1574393709792	addons.webextension.screenshots@mozilla.org	WARN	Loading extension 'screenshots@mozilla.org': Reading manifest: Invalid extension permission: telemetry
1574393709792	addons.webextension.screenshots@mozilla.org	WARN	Loading extension 'screenshots@mozilla.org': Reading manifest: Invalid extension permission: resource://pdf.js/
1574393709792	addons.webextension.screenshots@mozilla.org	WARN	Loading extension 'screenshots@mozilla.org': Reading manifest: Invalid extension permission: about:reader*
1574393712359	Marionette	INFO	Listening on port 38895
1574393712453	Marionette	WARN	TLS certificate errors will be ignored for this session
1574393758785	Marionette	INFO	Stopped listening on port 38895
[Parent 30996, Gecko_IOThread] WARNING: pipe error (78): Conexão fechada pela outra ponta: file /build/firefox-y69xGy/firefox-70.0.1+build1/ipc/chromium/src/chrome/common/ipc_channel_posix.cc, line 358
[Parent 30996, Gecko_IOThread] WARNING: pipe error (86): Conexão fechada pela outra ponta: file /build/firefox-y69xGy/firefox-70.0.1+build1/ipc/chromium/src/chrome/common/ipc_channel_posix.cc, line 358
1574393761593	Marionette	INFO	Stopped listening on port 37173
1574393990159	mozrunner::runner	INFO	Running command: "/usr/bin/firefox" "-marionette" "-foreground" "-no-remote" "-profile" "/tmp/rust_mozprofileqV3HMF"
1574393990814	addons.webextension.screenshots@mozilla.org	WARN	Loading extension 'screenshots@mozilla.org': Reading manifest: Invalid extension permission: mozillaAddons
1574393990814	addons.webextension.screenshots@mozilla.org	WARN	Loading extension 'screenshots@mozilla.org': Reading manifest: Invalid extension permission: telemetry
1574393990815	addons.webextension.screenshots@mozilla.org	WARN	Loading extension 'screenshots@mozilla.org': Reading manifest: Invalid extension permission: resource://pdf.js/
1574393990815	addons.webextension.screenshots@mozilla.org	WARN	Loading extension 'screenshots@mozilla.org': Reading manifest: Invalid extension permission: about:reader*
1574393993191	Marionette	INFO	Listening on port 36961
1574393993274	Marionette	WARN	TLS certificate errors will be ignored for this session
[Child 33355, Chrome_ChildThread] WARNING: pipe error (3): Conexão fechada pela outra ponta: file /build/firefox-y69xGy/firefox-70.0.1+build1/ipc/chromium/src/chrome/common/ipc_channel_posix.cc, line 358
1574394033313	Marionette	INFO	Stopped listening on port 36961
1574394035621	mozrunner::runner	INFO	Running command: "/usr/bin/firefox" "-marionette" "-foreground" "-no-remote" "-profile" "/tmp/rust_mozprofile2i6LhH"
1574394036280	addons.webextension.screenshots@mozilla.org	WARN	Loading extension 'screenshots@mozilla.org': Reading manifest: Invalid extension permission: mozillaAddons
1574394036280	addons.webextension.screenshots@mozilla.org	WARN	Loading extension 'screenshots@mozilla.org': Reading manifest: Invalid extension permission: telemetry
1574394036280	addons.webextension.screenshots@mozilla.org	WARN	Loading extension 'screenshots@mozilla.org': Reading manifest: Invalid extension permission: resource://pdf.js/
1574394036281	addons.webextension.screenshots@mozilla.org	WARN	Loading extension 'screenshots@mozilla.org': Reading manifest: Invalid extension permission: about:reader*
1574394038643	Marionette	INFO	Listening on port 41331
1574394038731	Marionette	WARN	TLS certificate errors will be ignored for this session
SourceActor threw an exception: [Exception... "Failed to open input source 'file:///'"  nsresult: "0x80520015 (NS_ERROR_FILE_ACCESS_DENIED)"  location: "JS frame :: resource://devtools/shared/DevToolsUtils.js :: mainThreadFetch/< :: line 678"  data: yes]
Stack: mainThreadFetch/<@resource://devtools/shared/DevToolsUtils.js:678:15
mainThreadFetch@resource://devtools/shared/DevToolsUtils.js:530:10
_fetchURLContents@resource://devtools/server/actors/utils/TabSources.js:580:22
urlContents@resource://devtools/server/actors/utils/TabSources.js:547:17
_resurrectSource@resource://devtools/server/actors/thread.js:2033:69
addAllSources@resource://devtools/server/actors/thread.js:1334:14
onSources@resource://devtools/server/actors/thread.js:1340:10
onPacket@resource://devtools/server/debugger-server-connection.js:378:58
receiveMessage@resource://devtools/shared/transport/child-transport.js:66:16
Line: 678, column: 0
console.error: ({})
JavaScript error: resource://devtools/shared/DevToolsUtils.js, line 678: NS_ERROR_FILE_ACCESS_DENIED: Failed to open input source 'file:///'
[Parent 33545, Gecko_IOThread] WARNING: pipe error (78): Conexão fechada pela outra ponta: file /build/firefox-y69xGy/firefox-70.0.1+build1/ipc/chromium/src/chrome/common/ipc_channel_posix.cc, line 358
[Parent 33545, Gecko_IOThread] WARNING: pipe error (84): Conexão fechada pela outra ponta: file /build/firefox-y69xGy/firefox-70.0.1+build1/ipc/chromium/src/chrome/common/ipc_channel_posix.cc, line 358
1574394564556	Marionette	INFO	Stopped listening on port 41331
1574394647361	mozrunner::runner	INFO	Running command: "/usr/bin/firefox" "-marionette" "-foreground" "-no-remote" "-profile" "/tmp/rust_mozprofile3lOQyQ"
1574394648010	addons.webextension.screenshots@mozilla.org	WARN	Loading extension 'screenshots@mozilla.org': Reading manifest: Invalid extension permission: mozillaAddons
1574394648010	addons.webextension.screenshots@mozilla.org	WARN	Loading extension 'screenshots@mozilla.org': Reading manifest: Invalid extension permission: telemetry
1574394648011	addons.webextension.screenshots@mozilla.org	WARN	Loading extension 'screenshots@mozilla.org': Reading manifest: Invalid extension permission: resource://pdf.js/
1574394648011	addons.webextension.screenshots@mozilla.org	WARN	Loading extension 'screenshots@mozilla.org': Reading manifest: Invalid extension permission: about:reader*
1574394650553	Marionette	INFO	Listening on port 44319
1574394650575	Marionette	WARN	TLS certificate errors will be ignored for this session
1574394733751	mozrunner::runner	INFO	Running command: "/usr/bin/firefox" "-marionette" "-foreground" "-no-remote" "-profile" "/tmp/rust_mozprofileHkDJkG"
1574394734408	addons.webextension.screenshots@mozilla.org	WARN	Loading extension 'screenshots@mozilla.org': Reading manifest: Invalid extension permission: mozillaAddons
1574394734408	addons.webextension.screenshots@mozilla.org	WARN	Loading extension 'screenshots@mozilla.org': Reading manifest: Invalid extension permission: telemetry
1574394734409	addons.webextension.screenshots@mozilla.org	WARN	Loading extension 'screenshots@mozilla.org': Reading manifest: Invalid extension permission: resource://pdf.js/
1574394734409	addons.webextension.screenshots@mozilla.org	WARN	Loading extension 'screenshots@mozilla.org': Reading manifest: Invalid extension permission: about:reader*
1574394736659	Marionette	INFO	Listening on port 37031
1574394736760	Marionette	WARN	TLS certificate errors will be ignored for this session
1574394766462	Marionette	INFO	Stopped listening on port 37031
[Parent 34070, Gecko_IOThread] WARNING: pipe error (70): Conexão fechada pela outra ponta: file /build/firefox-y69xGy/firefox-70.0.1+build1/ipc/chromium/src/chrome/common/ipc_channel_posix.cc, line 358
[Parent 34070, Gecko_IOThread] WARNING: pipe error (95): Conexão fechada pela outra ponta: file /build/firefox-y69xGy/firefox-70.0.1+build1/ipc/chromium/src/chrome/common/ipc_channel_posix.cc, line 358
1574394769345	Marionette	INFO	Stopped listening on port 44319
1574394858594	mozrunner::runner	INFO	Running command: "/usr/bin/firefox" "-marionette" "-foreground" "-no-remote" "-profile" "/tmp/rust_mozprofileVQ2tmd"
1574394859250	addons.webextension.screenshots@mozilla.org	WARN	Loading extension 'screenshots@mozilla.org': Reading manifest: Invalid extension permission: mozillaAddons
1574394859250	addons.webextension.screenshots@mozilla.org	WARN	Loading extension 'screenshots@mozilla.org': Reading manifest: Invalid extension permission: telemetry
1574394859250	addons.webextension.screenshots@mozilla.org	WARN	Loading extension 'screenshots@mozilla.org': Reading manifest: Invalid extension permission: resource://pdf.js/
1574394859250	addons.webextension.screenshots@mozilla.org	WARN	Loading extension 'screenshots@mozilla.org': Reading manifest: Invalid extension permission: about:reader*
1574394861573	Marionette	INFO	Listening on port 36687
1574394861609	Marionette	WARN	TLS certificate errors will be ignored for this session
JavaScript warning: https://www.instagram.com/static/bundles/es6/ConsumerUICommons.js/d69d8c0c6921.js, line 16: Error: Script terminated by timeout at:
parse@https://www.instagram.com/static/bundles/es6/ConsumerUICommons.js/d69d8c0c6921.js:16:174
e.sanitizeReferrer@https://www.instagram.com/static/bundles/es6/ConsumerLibCommons.js/b5c85dc239ff.js:93:294
l/<@https://www.instagram.com/static/bundles/es6/Consumer.js/b80e6065cb25.js:1:1984
_/<@https://www.instagram.com/static/bundles/es6/ConsumerLibCommons.js/b5c85dc239ff.js:62:358
_@https://www.instagram.com/static/bundles/es6/ConsumerLibCommons.js/b5c85dc239ff.js:62:334
s@https://www.instagram.com/static/bundles/es6/ConsumerLibCommons.js/b5c85dc239ff.js:62:520
c@https://www.instagram.com/static/bundles/es6/Consumer.js/b80e6065cb25.js:150:311
n@https://www.instagram.com/static/bundles/es6/Consumer.js/b80e6065cb25.js:150:133
t@https://www.instagram.com/static/bundles/es6/Consumer.js/b80e6065cb25.js:151:135
e.initTimeSpentBitArrayLogger/<@https://www.instagram.com/static/bundles/es6/Consumer.js/b80e6065cb25.js:150:733
inform/<@https://www.instagram.com/static/bundles/es6/ConsumerLibCommons.js/b5c85dc239ff.js:85:142
inform@https://www.instagram.com/static/bundles/es6/ConsumerLibCommons.js/b5c85dc239ff.js:85:131
h@https://www.instagram.com/static/bundles/es6/ConsumerLibCommons.js/b5c85dc239ff.js:83:2108
v@https://www.instagram.com/static/bundles/es6/ConsumerUICommons.js/d69d8c0c6921.js:31:187

JavaScript error: https://www.instagram.com/static/bundles/es6/Consumer.js/b80e6065cb25.js, line 285: TypeError: this.props is undefined
JavaScript warning: https://www.instagram.com/static/bundles/es6/Vendor.js/c911f5848b78.js, line 11: Error: Script terminated by timeout at:
destructor@https://www.instagram.com/static/bundles/es6/Vendor.js/c911f5848b78.js:11:90740
ze@https://www.instagram.com/static/bundles/es6/Vendor.js/c911f5848b78.js:11:14131
h@https://www.instagram.com/static/bundles/es6/Vendor.js/c911f5848b78.js:11:1841
p@https://www.instagram.com/static/bundles/es6/Vendor.js/c911f5848b78.js:11:1571
v@https://www.instagram.com/static/bundles/es6/Vendor.js/c911f5848b78.js:11:1913
Me@https://www.instagram.com/static/bundles/es6/Vendor.js/c911f5848b78.js:11:14997
mi@https://www.instagram.com/static/bundles/es6/Vendor.js/c911f5848b78.js:11:116555
We@https://www.instagram.com/static/bundles/es6/Vendor.js/c911f5848b78.js:11:15583
Ve@https://www.instagram.com/static/bundles/es6/Vendor.js/c911f5848b78.js:11:16307
Be@https://www.instagram.com/static/bundles/es6/Vendor.js/c911f5848b78.js:11:15827
e.unstable_runWithPriority@https://www.instagram.com/static/bundles/es6/Vendor.js/c911f5848b78.js:13:3497
Vt@https://www.instagram.com/static/bundles/es6/Vendor.js/c911f5848b78.js:11:24432
Fr@https://www.instagram.com/static/bundles/es6/Vendor.js/c911f5848b78.js:11:61397
Le@https://www.instagram.com/static/bundles/es6/Vendor.js/c911f5848b78.js:11:15269

JavaScript error: https://www.instagram.com/static/bundles/es6/Consumer.js/b80e6065cb25.js, line 285: TypeError: this.props is undefined
JavaScript warning: https://www.instagram.com/static/bundles/es6/Vendor.js/c911f5848b78.js, line 11: Error: Script terminated by timeout at:
timeStamp@https://www.instagram.com/static/bundles/es6/Vendor.js/c911f5848b78.js:11:91094
Pe@https://www.instagram.com/static/bundles/es6/Vendor.js/c911f5848b78.js:11:13759
l@https://www.instagram.com/static/bundles/es6/Vendor.js/c911f5848b78.js:11:91192
l@https://www.instagram.com/static/bundles/es6/Vendor.js/c911f5848b78.js:11:91192
Ne@https://www.instagram.com/static/bundles/es6/Vendor.js/c911f5848b78.js:11:14027
extractEvents@https://www.instagram.com/static/bundles/es6/Vendor.js/c911f5848b78.js:11:97305
Me@https://www.instagram.com/static/bundles/es6/Vendor.js/c911f5848b78.js:11:14958
mi@https://www.instagram.com/static/bundles/es6/Vendor.js/c911f5848b78.js:11:116555
We@https://www.instagram.com/static/bundles/es6/Vendor.js/c911f5848b78.js:11:15583
Ve@https://www.instagram.com/static/bundles/es6/Vendor.js/c911f5848b78.js:11:16307
Be@https://www.instagram.com/static/bundles/es6/Vendor.js/c911f5848b78.js:11:15827
e.unstable_runWithPriority@https://www.instagram.com/static/bundles/es6/Vendor.js/c911f5848b78.js:13:3497
Vt@https://www.instagram.com/static/bundles/es6/Vendor.js/c911f5848b78.js:11:24432
Fr@https://www.instagram.com/static/bundles/es6/Vendor.js/c911f5848b78.js:11:61397
Le@https://www.instagram.com/static/bundles/es6/Vendor.js/c911f5848b78.js:11:15269

JavaScript warning: https://www.instagram.com/static/bundles/es6/ConsumerLibCommons.js/b5c85dc239ff.js, line 83: Error: Script terminated by timeout at:
_@https://www.instagram.com/static/bundles/es6/ConsumerLibCommons.js/b5c85dc239ff.js:83:2011
h@https://www.instagram.com/static/bundles/es6/ConsumerLibCommons.js/b5c85dc239ff.js:83:2084
v@https://www.instagram.com/static/bundles/es6/ConsumerUICommons.js/d69d8c0c6921.js:31:187

[Parent 34734, Gecko_IOThread] WARNING: pipe error (78): Conexão fechada pela outra ponta: file /build/firefox-y69xGy/firefox-70.0.1+build1/ipc/chromium/src/chrome/common/ipc_channel_posix.cc, line 358
[Parent 34734, Gecko_IOThread] WARNING: pipe error (66): Conexão fechada pela outra ponta: file /build/firefox-y69xGy/firefox-70.0.1+build1/ipc/chromium/src/chrome/common/ipc_channel_posix.cc, line 358
1574395005658	Marionette	INFO	Stopped listening on port 36687
1574395033950	mozrunner::runner	INFO	Running command: "/usr/bin/firefox" "-marionette" "-foreground" "-no-remote" "-profile" "/tmp/rust_mozprofile7072Jj"
1574395034588	addons.webextension.screenshots@mozilla.org	WARN	Loading extension 'screenshots@mozilla.org': Reading manifest: Invalid extension permission: mozillaAddons
1574395034588	addons.webextension.screenshots@mozilla.org	WARN	Loading extension 'screenshots@mozilla.org': Reading manifest: Invalid extension permission: telemetry
1574395034588	addons.webextension.screenshots@mozilla.org	WARN	Loading extension 'screenshots@mozilla.org': Reading manifest: Invalid extension permission: resource://pdf.js/
1574395034589	addons.webextension.screenshots@mozilla.org	WARN	Loading extension 'screenshots@mozilla.org': Reading manifest: Invalid extension permission: about:reader*
1574395037018	Marionette	INFO	Listening on port 36471
1574395037061	Marionette	WARN	TLS certificate errors will be ignored for this session
[Parent 35070, Gecko_IOThread] WARNING: pipe error (66): Conexão fechada pela outra ponta: file /build/firefox-y69xGy/firefox-70.0.1+build1/ipc/chromium/src/chrome/common/ipc_channel_posix.cc, line 358
[Parent 35070, Gecko_IOThread] WARNING: pipe error (78): Conexão fechada pela outra ponta: file /build/firefox-y69xGy/firefox-70.0.1+build1/ipc/chromium/src/chrome/common/ipc_channel_posix.cc, line 358
1574395261568	Marionette	INFO	Stopped listening on port 36471
1575492559501	mozrunner::runner	INFO	Running command: "/usr/bin/firefox" "-marionette" "-foreground" "-no-remote" "-profile" "/tmp/rust_mozprofileGLjqTN"
1575492560874	addons.webextension.screenshots@mozilla.org	WARN	Loading extension 'screenshots@mozilla.org': Reading manifest: Invalid extension permission: mozillaAddons
1575492560874	addons.webextension.screenshots@mozilla.org	WARN	Loading extension 'screenshots@mozilla.org': Reading manifest: Invalid extension permission: telemetry
1575492560875	addons.webextension.screenshots@mozilla.org	WARN	Loading extension 'screenshots@mozilla.org': Reading manifest: Invalid extension permission: resource://pdf.js/
1575492560875	addons.webextension.screenshots@mozilla.org	WARN	Loading extension 'screenshots@mozilla.org': Reading manifest: Invalid extension permission: about:reader*
1575492563313	Marionette	INFO	Listening on port 42065
1575492563413	Marionette	WARN	TLS certificate errors will be ignored for this session
1575492596667	Marionette	INFO	Stopped listening on port 42065
1575492721495	mozrunner::runner	INFO	Running command: "/usr/bin/firefox" "-marionette" "-foreground" "-no-remote" "-profile" "/tmp/rust_mozprofileJ36b1B"
1575492722111	addons.webextension.screenshots@mozilla.org	WARN	Loading extension 'screenshots@mozilla.org': Reading manifest: Invalid extension permission: mozillaAddons
1575492722111	addons.webextension.screenshots@mozilla.org	WARN	Loading extension 'screenshots@mozilla.org': Reading manifest: Invalid extension permission: telemetry
1575492722111	addons.webextension.screenshots@mozilla.org	WARN	Loading extension 'screenshots@mozilla.org': Reading manifest: Invalid extension permission: resource://pdf.js/
1575492722111	addons.webextension.screenshots@mozilla.org	WARN	Loading extension 'screenshots@mozilla.org': Reading manifest: Invalid extension permission: about:reader*
1575492724224	Marionette	INFO	Listening on port 35819
1575492724308	Marionette	WARN	TLS certificate errors will be ignored for this session
1575492745738	Marionette	INFO	Stopped listening on port 35819
1578596275497	mozrunner::runner	INFO	Running command: "/usr/bin/firefox" "-marionette" "-foreground" "-no-remote" "-profile" "/tmp/rust_mozprofilebL4qfl"
1578596276226	addons.webextension.screenshots@mozilla.org	WARN	Loading extension 'screenshots@mozilla.org': Reading manifest: Invalid extension permission: mozillaAddons
1578596276227	addons.webextension.screenshots@mozilla.org	WARN	Loading extension 'screenshots@mozilla.org': Reading manifest: Invalid extension permission: telemetry
1578596276227	addons.webextension.screenshots@mozilla.org	WARN	Loading extension 'screenshots@mozilla.org': Reading manifest: Invalid extension permission: resource://pdf.js/
1578596276227	addons.webextension.screenshots@mozilla.org	WARN	Loading extension 'screenshots@mozilla.org': Reading manifest: Invalid extension permission: about:reader*
1578596278728	Marionette	INFO	Listening on port 39697
1578596278808	Marionette	WARN	TLS certificate errors will be ignored for this session
Marionette threw an error: TypeError: this.curBrowser.contentBrowser is null
GeckoDriver.prototype.get@chrome://marionette/content/driver.js:1140:3

1578596352926	Marionette	ERROR	[21] No reply from Marionette:Register
1578596357519	Marionette	INFO	Stopped listening on port 39697
