2019-08-01 23:51:40,161 INFO  [org.jboss.modules] (main) JBoss Modules version 1.9.1.Final
2019-08-01 23:51:40,952 INFO  [org.jboss.msc] (main) JBoss MSC version 1.4.8.Final
2019-08-01 23:51:40,968 INFO  [org.jboss.threads] (main) JBoss Threads version 2.3.3.Final
2019-08-01 23:51:41,181 INFO  [org.jboss.as] (MSC service thread 1-2) WFLYSRV0049: WildFly Full 17.0.1.Final (WildFly Core 9.0.2.Final) starting
2019-08-01 23:51:41,183 DEBUG [org.jboss.as.config] (MSC service thread 1-2) Configured system properties:
	awt.toolkit = sun.awt.X11.XToolkit
	file.encoding = UTF-8
	file.separator = /
	java.awt.graphicsenv = sun.awt.X11GraphicsEnvironment
	java.awt.headless = true
	java.awt.printerjob = sun.print.PSPrinterJob
	java.class.path = /home/marco/ProjetosGitHub/Java/ArquivosJava/wildfly-17.0.1.Final/jboss-modules.jar
	java.class.version = 55.0
	java.home = /usr/lib/jvm/java-11-openjdk-amd64
	java.io.tmpdir = /tmp
	java.library.path = /usr/lib32:/usr/lib32:/usr/java/packages/lib:/usr/lib/x86_64-linux-gnu/jni:/lib/x86_64-linux-gnu:/usr/lib/x86_64-linux-gnu:/usr/lib/jni:/lib:/usr/lib
	java.net.preferIPv4Stack = true
	java.runtime.name = OpenJDK Runtime Environment
	java.runtime.version = 11.0.4+11-post-Ubuntu-1ubuntu218.04.3
	java.specification.name = Java Platform API Specification
	java.specification.vendor = Oracle Corporation
	java.specification.version = 11
	java.util.logging.manager = org.jboss.logmanager.LogManager
	java.vendor = Ubuntu
	java.vendor.url = https://ubuntu.com/
	java.vendor.url.bug = https://bugs.launchpad.net/ubuntu/+source/openjdk-lts
	java.version = 11.0.4
	java.version.date = 2019-07-16
	java.vm.compressedOopsMode = 32-bit
	java.vm.info = mixed mode, sharing
	java.vm.name = OpenJDK 64-Bit Server VM
	java.vm.specification.name = Java Virtual Machine Specification
	java.vm.specification.vendor = Oracle Corporation
	java.vm.specification.version = 11
	java.vm.vendor = Ubuntu
	java.vm.version = 11.0.4+11-post-Ubuntu-1ubuntu218.04.3
	javax.management.builder.initial = org.jboss.as.jmx.PluggableMBeanServerBuilder
	jboss.bind.address = localhost
	jboss.bind.address.management = localhost
	jboss.home.dir = /home/marco/ProjetosGitHub/Java/ArquivosJava/wildfly-17.0.1.Final
	jboss.host.name = marco-hp-pavilion-dv6-notebook-pc
	jboss.modules.dir = /home/marco/ProjetosGitHub/Java/ArquivosJava/wildfly-17.0.1.Final/modules
	jboss.modules.system.pkgs = org.jboss.byteman
	jboss.node.name = marco-hp-pavilion-dv6-notebook-pc
	jboss.qualified.host.name = marco-hp-pavilion-dv6-notebook-pc
	jboss.server.base.dir = /home/marco/ProjetosGitHub/Java/ArquivosJava/wildfly-17.0.1.Final/standalone
	jboss.server.config.dir = /home/marco/ProjetosGitHub/Java/ArquivosJava/wildfly-17.0.1.Final/standalone/configuration
	jboss.server.data.dir = /home/marco/ProjetosGitHub/Java/ArquivosJava/wildfly-17.0.1.Final/standalone/data
	jboss.server.deploy.dir = /home/marco/ProjetosGitHub/Java/ArquivosJava/wildfly-17.0.1.Final/standalone/data/content
	jboss.server.log.dir = /home/marco/ProjetosGitHub/Java/ArquivosJava/wildfly-17.0.1.Final/standalone/log
	jboss.server.name = marco-hp-pavilion-dv6-notebook-pc
	jboss.server.persist.config = true
	jboss.server.temp.dir = /home/marco/ProjetosGitHub/Java/ArquivosJava/wildfly-17.0.1.Final/standalone/tmp
	jdk.debug = release
	line.separator = 

	logging.configuration = file:/home/marco/ProjetosGitHub/Java/ArquivosJava/wildfly-17.0.1.Final/standalone/configuration/logging.properties
	module.path = /home/marco/ProjetosGitHub/Java/ArquivosJava/wildfly-17.0.1.Final/modules
	org.jboss.boot.log.file = /home/marco/ProjetosGitHub/Java/ArquivosJava/wildfly-17.0.1.Final/standalone/log/boot.log
	org.jboss.logmanager.nocolor = true
	org.jboss.resolver.warning = true
	os.arch = amd64
	os.name = Linux
	os.version = 4.15.0-55-generic
	path.separator = :
	program.name = JBossTools: WildFly 17 at localhost
	sun.arch.data.model = 64
	sun.boot.library.path = /usr/lib/jvm/java-11-openjdk-amd64/lib
	sun.cpu.endian = little
	sun.cpu.isalist = 
	sun.desktop = gnome
	sun.io.unicode.encoding = UnicodeLittle
	sun.java.command = org.jboss.modules.Main -mp /home/marco/ProjetosGitHub/Java/ArquivosJava/wildfly-17.0.1.Final/modules org.jboss.as.standalone -b localhost --server-config=standalone.xml -Djboss.server.base.dir=/home/marco/ProjetosGitHub/Java/ArquivosJava/wildfly-17.0.1.Final/standalone
	sun.java.launcher = SUN_STANDARD
	sun.jnu.encoding = UTF-8
	sun.management.compiler = HotSpot 64-Bit Tiered Compilers
	sun.os.patch.level = unknown
	sun.rmi.dgc.client.gcInterval = 3600000
	sun.rmi.dgc.server.gcInterval = 3600000
	user.country = BR
	user.dir = /home/marco/ProjetosGitHub/Java/ArquivosJava/wildfly-17.0.1.Final/bin
	user.home = /home/marco
	user.language = pt
	user.name = marco
	user.timezone = America/Sao_Paulo
2019-08-01 23:51:41,187 DEBUG [org.jboss.as.config] (MSC service thread 1-2) VM Arguments: -Dprogram.name=JBossTools: WildFly 17 at localhost -Xms64m -Xmx512m -Dorg.jboss.resolver.warning=true -Djava.net.preferIPv4Stack=true -Dsun.rmi.dgc.client.gcInterval=3600000 -Dsun.rmi.dgc.server.gcInterval=3600000 -Djboss.modules.system.pkgs=org.jboss.byteman -Djava.awt.headless=true -Dorg.jboss.boot.log.file=/home/marco/ProjetosGitHub/Java/ArquivosJava/wildfly-17.0.1.Final/standalone/log/boot.log -Dlogging.configuration=file:/home/marco/ProjetosGitHub/Java/ArquivosJava/wildfly-17.0.1.Final/standalone/configuration/logging.properties -Djboss.home.dir=/home/marco/ProjetosGitHub/Java/ArquivosJava/wildfly-17.0.1.Final -Dorg.jboss.logmanager.nocolor=true --add-exports=java.base/sun.nio.ch=ALL-UNNAMED --add-exports=jdk.unsupported/sun.misc=ALL-UNNAMED --add-exports=jdk.unsupported/sun.reflect=ALL-UNNAMED --add-modules=java.se -Djboss.bind.address.management=localhost -Dfile.encoding=UTF-8 
2019-08-01 23:51:42,290 INFO  [org.wildfly.security] (ServerService Thread Pool -- 26) ELY00001: WildFly Elytron version 1.9.1.Final
2019-08-01 23:51:42,998 INFO  [org.jboss.as.controller.management-deprecated] (Controller Boot Thread) WFLYCTL0028: Attribute 'security-realm' in the resource at address '/core-service=management/management-interface=http-interface' is deprecated, and may be removed in a future version. See the attribute description in the output of the read-resource-description operation to learn more about the deprecation.
2019-08-01 23:51:43,035 INFO  [org.jboss.as.controller.management-deprecated] (ServerService Thread Pool -- 15) WFLYCTL0028: Attribute 'security-realm' in the resource at address '/subsystem=undertow/server=default-server/https-listener=https' is deprecated, and may be removed in a future version. See the attribute description in the output of the read-resource-description operation to learn more about the deprecation.
2019-08-01 23:51:43,144 INFO  [org.jboss.as.server] (Controller Boot Thread) WFLYSRV0039: Creating http management service using socket-binding (management-http)
2019-08-01 23:51:43,170 INFO  [org.xnio] (MSC service thread 1-7) XNIO version 3.7.2.Final
2019-08-01 23:51:43,185 INFO  [org.xnio.nio] (MSC service thread 1-7) XNIO NIO Implementation Version 3.7.2.Final
2019-08-01 23:51:43,237 INFO  [org.jboss.as.clustering.infinispan] (ServerService Thread Pool -- 51) WFLYCLINF0001: Activating Infinispan subsystem.
2019-08-01 23:51:43,254 INFO  [org.jboss.as.connector.subsystems.datasources] (ServerService Thread Pool -- 43) WFLYJCA0004: Deploying JDBC-compliant driver class org.h2.Driver (version 1.4)
2019-08-01 23:51:43,320 INFO  [org.wildfly.extension.microprofile.config.smallrye._private] (ServerService Thread Pool -- 60) WFLYCONF0001: Activating WildFly MicroProfile Config Subsystem
2019-08-01 23:51:43,324 INFO  [org.jboss.as.jaxrs] (ServerService Thread Pool -- 53) WFLYRS0016: RESTEasy version 3.7.0.Final
2019-08-01 23:51:43,323 INFO  [org.jboss.as.connector] (MSC service thread 1-8) WFLYJCA0009: Starting JCA Subsystem (WildFly/IronJacamar 1.4.16.Final)
2019-08-01 23:51:43,365 INFO  [org.jboss.as.naming] (ServerService Thread Pool -- 64) WFLYNAM0001: Activating Naming Subsystem
2019-08-01 23:51:43,367 INFO  [org.wildfly.extension.microprofile.opentracing] (ServerService Thread Pool -- 63) WFLYTRACEXT0001: Activating MicroProfile OpenTracing Subsystem
2019-08-01 23:51:43,369 INFO  [org.wildfly.extension.microprofile.health.smallrye] (ServerService Thread Pool -- 61) WFLYHEALTH0001: Activating Eclipse MicroProfile Health Subsystem
2019-08-01 23:51:43,364 INFO  [org.wildfly.extension.io] (ServerService Thread Pool -- 52) WFLYIO001: Worker 'default' has auto-configured to 16 core threads with 128 task threads based on your 8 available processors
2019-08-01 23:51:43,392 WARN  [org.jboss.as.txn] (ServerService Thread Pool -- 72) WFLYTX0013: The node-identifier attribute on the /subsystem=transactions is set to the default value. This is a danger for environments running multiple servers. Please make sure the attribute value is unique.
2019-08-01 23:51:43,412 INFO  [org.jboss.as.webservices] (ServerService Thread Pool -- 74) WFLYWS0002: Activating WebServices Extension
2019-08-01 23:51:43,415 INFO  [org.jboss.as.connector.deployers.jdbc] (MSC service thread 1-5) WFLYJCA0018: Started Driver service with driver-name = h2
2019-08-01 23:51:43,432 INFO  [org.wildfly.extension.microprofile.metrics.smallrye] (ServerService Thread Pool -- 62) WFLYMETRICS0001: Activating Eclipse MicroProfile Metrics Subsystem
2019-08-01 23:51:43,438 INFO  [org.jboss.remoting] (MSC service thread 1-6) JBoss Remoting version 5.0.12.Final
2019-08-01 23:51:43,452 INFO  [org.jboss.as.security] (ServerService Thread Pool -- 70) WFLYSEC0002: Activating Security Subsystem
2019-08-01 23:51:43,442 INFO  [org.jboss.as.jsf] (ServerService Thread Pool -- 58) WFLYJSF0007: Activated the following JSF Implementations: [main]
2019-08-01 23:51:43,460 INFO  [org.jboss.as.security] (MSC service thread 1-4) WFLYSEC0001: Current PicketBox version=5.0.3.Final
2019-08-01 23:51:43,523 INFO  [org.jboss.as.naming] (MSC service thread 1-7) WFLYNAM0003: Starting Naming Service
2019-08-01 23:51:43,551 INFO  [org.wildfly.extension.undertow] (MSC service thread 1-5) WFLYUT0003: Undertow 2.0.21.Final starting
2019-08-01 23:51:43,561 INFO  [io.smallrye.metrics] (MSC service thread 1-2) Converted [2] config entries and added [4] replacements
2019-08-01 23:51:43,581 INFO  [io.smallrye.metrics] (MSC service thread 1-2) Converted [3] config entries and added [18] replacements
2019-08-01 23:51:43,585 INFO  [org.jboss.as.mail.extension] (MSC service thread 1-3) WFLYMAIL0001: Bound mail session [java:jboss/mail/Default]
2019-08-01 23:51:43,727 INFO  [org.wildfly.extension.undertow] (ServerService Thread Pool -- 73) WFLYUT0014: Creating file handler for path '/home/marco/ProjetosGitHub/Java/ArquivosJava/wildfly-17.0.1.Final/welcome-content' with options [directory-listing: 'false', follow-symlink: 'false', case-sensitive: 'true', safe-symlink-paths: '[]']
2019-08-01 23:51:43,737 INFO  [org.jboss.as.ejb3] (MSC service thread 1-6) WFLYEJB0481: Strict pool slsb-strict-max-pool is using a max instance size of 128 (per class), which is derived from thread worker pool sizing.
2019-08-01 23:51:43,737 INFO  [org.jboss.as.ejb3] (MSC service thread 1-8) WFLYEJB0482: Strict pool mdb-strict-max-pool is using a max instance size of 32 (per class), which is derived from the number of CPUs on this host.
2019-08-01 23:51:43,751 INFO  [org.wildfly.extension.undertow] (MSC service thread 1-2) WFLYUT0012: Started server default-server.
2019-08-01 23:51:43,755 INFO  [org.wildfly.extension.undertow] (MSC service thread 1-2) WFLYUT0018: Host default-host starting
2019-08-01 23:51:43,883 INFO  [org.wildfly.extension.undertow] (MSC service thread 1-8) WFLYUT0006: Undertow HTTP listener default listening on 127.0.0.1:8080
2019-08-01 23:51:44,034 INFO  [org.jboss.as.ejb3] (MSC service thread 1-7) WFLYEJB0493: EJB subsystem suspension complete
2019-08-01 23:51:44,118 INFO  [org.jboss.as.connector.subsystems.datasources] (MSC service thread 1-5) WFLYJCA0001: Bound data source [java:jboss/datasources/ExampleDS]
2019-08-01 23:51:44,402 INFO  [org.jboss.as.patching] (MSC service thread 1-2) WFLYPAT0050: WildFly Full cumulative patch ID is: base, one-off patches include: none
2019-08-01 23:51:44,418 WARN  [org.jboss.as.domain.management.security] (MSC service thread 1-3) WFLYDM0111: Keystore /home/marco/ProjetosGitHub/Java/ArquivosJava/wildfly-17.0.1.Final/standalone/configuration/application.keystore not found, it will be auto generated on first use with a self signed certificate for host localhost
