2019-08-01 23:51:44,435 INFO  [org.jboss.as.server.deployment.scanner] (MSC service thread 1-1) WFLYDS0013: Started FileSystemDeploymentService for directory /home/marco/ProjetosGitHub/Java/ArquivosJava/wildfly-17.0.1.Final/standalone/deployments
2019-08-01 23:51:44,501 INFO  [org.wildfly.extension.undertow] (MSC service thread 1-7) WFLYUT0006: Undertow HTTPS listener https listening on 127.0.0.1:8443
2019-08-01 23:51:44,636 INFO  [org.jboss.ws.common.management] (MSC service thread 1-7) JBWS022052: Starting JBossWS 5.3.0.Final (Apache CXF 3.3.2) 
2019-08-01 23:51:44,825 INFO  [org.jboss.as.server] (Controller Boot Thread) WFLYSRV0212: Resuming server
2019-08-01 23:51:44,830 INFO  [org.jboss.as] (Controller Boot Thread) WFLYSRV0060: Http management interface listening on http://127.0.0.1:9990/management
2019-08-01 23:51:44,831 INFO  [org.jboss.as] (Controller Boot Thread) WFLYSRV0051: Admin console listening on http://127.0.0.1:9990
2019-08-01 23:51:44,831 INFO  [org.jboss.as] (Controller Boot Thread) WFLYSRV0025: WildFly Full 17.0.1.Final (WildFly Core 9.0.2.Final) started in 5216ms - Started 314 of 576 services (369 services are lazy, passive or on-demand)
2019-08-01 23:52:33,072 INFO  [org.jboss.as.server] (management-handler-thread - 2) WFLYSRV0272: Suspending server
2019-08-01 23:52:33,075 INFO  [org.jboss.as.ejb3] (management-handler-thread - 2) WFLYEJB0493: EJB subsystem suspension complete
2019-08-01 23:52:33,076 INFO  [org.jboss.as.server] (Management Triggered Shutdown) WFLYSRV0241: Shutting down in response to management operation 'shutdown'
2019-08-01 23:52:33,107 INFO  [org.jboss.as.connector.subsystems.datasources] (MSC service thread 1-2) WFLYJCA0010: Unbound data source [java:jboss/datasources/ExampleDS]
2019-08-01 23:52:33,110 INFO  [org.jboss.as.mail.extension] (MSC service thread 1-8) WFLYMAIL0002: Unbound mail session [java:jboss/mail/Default]
2019-08-01 23:52:33,115 INFO  [org.wildfly.extension.undertow] (MSC service thread 1-6) WFLYUT0019: Host default-host stopping
2019-08-01 23:52:33,116 INFO  [org.wildfly.extension.undertow] (MSC service thread 1-2) WFLYUT0008: Undertow HTTPS listener https suspending
2019-08-01 23:52:33,123 INFO  [org.wildfly.extension.undertow] (MSC service thread 1-6) WFLYUT0008: Undertow HTTP listener default suspending
2019-08-01 23:52:33,124 INFO  [org.jboss.as.connector.deployers.jdbc] (MSC service thread 1-5) WFLYJCA0019: Stopped Driver service with driver-name = h2
2019-08-01 23:52:33,125 INFO  [org.wildfly.extension.undertow] (MSC service thread 1-2) WFLYUT0007: Undertow HTTPS listener https stopped, was bound to 127.0.0.1:8443
2019-08-01 23:52:33,126 INFO  [org.wildfly.extension.undertow] (MSC service thread 1-6) WFLYUT0007: Undertow HTTP listener default stopped, was bound to 127.0.0.1:8080
2019-08-01 23:52:33,127 INFO  [org.wildfly.extension.undertow] (MSC service thread 1-5) WFLYUT0004: Undertow 2.0.21.Final stopping
2019-08-01 23:52:33,146 INFO  [org.jboss.as] (MSC service thread 1-2) WFLYSRV0050: WildFly Full 17.0.1.Final (WildFly Core 9.0.2.Final) stopped in 58ms
2019-08-01 23:53:14,830 INFO  [org.jboss.modules] (main) JBoss Modules version 1.9.1.Final
2019-08-01 23:53:15,473 INFO  [org.jboss.msc] (main) JBoss MSC version 1.4.8.Final
2019-08-01 23:53:15,482 INFO  [org.jboss.threads] (main) JBoss Threads version 2.3.3.Final
2019-08-01 23:53:15,635 INFO  [org.jboss.as] (MSC service thread 1-2) WFLYSRV0049: WildFly Full 17.0.1.Final (WildFly Core 9.0.2.Final) starting
2019-08-01 23:53:15,637 DEBUG [org.jboss.as.config] (MSC service thread 1-2) Configured system properties:
	awt.toolkit = sun.awt.X11.XToolkit
	file.encoding = UTF-8
	file.separator = /
	java.awt.graphicsenv = sun.awt.X11GraphicsEnvironment
	java.awt.headless = true
	java.awt.printerjob = sun.print.PSPrinterJob
	java.class.path = /home/marco/ProjetosGitHub/Java/ArquivosJava/wildfly-17.0.1.Final/jboss-modules.jar
	java.class.version = 55.0
	java.home = /usr/lib/jvm/java-11-openjdk-amd64
	java.io.tmpdir = /tmp
	java.library.path = /usr/lib32:/usr/lib32:/usr/java/packages/lib:/usr/lib/x86_64-linux-gnu/jni:/lib/x86_64-linux-gnu:/usr/lib/x86_64-linux-gnu:/usr/lib/jni:/lib:/usr/lib
	java.net.preferIPv4Stack = true
	java.runtime.name = OpenJDK Runtime Environment
	java.runtime.version = 11.0.4+11-post-Ubuntu-1ubuntu218.04.3
	java.specification.name = Java Platform API Specification
	java.specification.vendor = Oracle Corporation
	java.specification.version = 11
	java.util.logging.manager = org.jboss.logmanager.LogManager
	java.vendor = Ubuntu
	java.vendor.url = https://ubuntu.com/
	java.vendor.url.bug = https://bugs.launchpad.net/ubuntu/+source/openjdk-lts
	java.version = 11.0.4
	java.version.date = 2019-07-16
	java.vm.compressedOopsMode = 32-bit
	java.vm.info = mixed mode, sharing
	java.vm.name = OpenJDK 64-Bit Server VM
	java.vm.specification.name = Java Virtual Machine Specification
	java.vm.specification.vendor = Oracle Corporation
	java.vm.specification.version = 11
	java.vm.vendor = Ubuntu
	java.vm.version = 11.0.4+11-post-Ubuntu-1ubuntu218.04.3
	javax.management.builder.initial = org.jboss.as.jmx.PluggableMBeanServerBuilder
	jboss.bind.address = localhost
	jboss.bind.address.management = localhost
	jboss.home.dir = /home/marco/ProjetosGitHub/Java/ArquivosJava/wildfly-17.0.1.Final
	jboss.host.name = marco-hp-pavilion-dv6-notebook-pc
	jboss.modules.dir = /home/marco/ProjetosGitHub/Java/ArquivosJava/wildfly-17.0.1.Final/modules
	jboss.modules.system.pkgs = org.jboss.byteman
	jboss.node.name = marco-hp-pavilion-dv6-notebook-pc
	jboss.qualified.host.name = marco-hp-pavilion-dv6-notebook-pc
	jboss.server.base.dir = /home/marco/ProjetosGitHub/Java/ArquivosJava/wildfly-17.0.1.Final/standalone
	jboss.server.config.dir = /home/marco/ProjetosGitHub/Java/ArquivosJava/wildfly-17.0.1.Final/standalone/configuration
	jboss.server.data.dir = /home/marco/ProjetosGitHub/Java/ArquivosJava/wildfly-17.0.1.Final/standalone/data
	jboss.server.deploy.dir = /home/marco/ProjetosGitHub/Java/ArquivosJava/wildfly-17.0.1.Final/standalone/data/content
	jboss.server.log.dir = /home/marco/ProjetosGitHub/Java/ArquivosJava/wildfly-17.0.1.Final/standalone/log
	jboss.server.name = marco-hp-pavilion-dv6-notebook-pc
	jboss.server.persist.config = true
	jboss.server.temp.dir = /home/marco/ProjetosGitHub/Java/ArquivosJava/wildfly-17.0.1.Final/standalone/tmp
	jdk.debug = release
	line.separator = 

	logging.configuration = file:/home/marco/ProjetosGitHub/Java/ArquivosJava/wildfly-17.0.1.Final/standalone/configuration/logging.properties
	module.path = /home/marco/ProjetosGitHub/Java/ArquivosJava/wildfly-17.0.1.Final/modules
	org.jboss.boot.log.file = /home/marco/ProjetosGitHub/Java/ArquivosJava/wildfly-17.0.1.Final/standalone/log/boot.log
	org.jboss.logmanager.nocolor = true
	org.jboss.resolver.warning = true
	os.arch = amd64
	os.name = Linux
	os.version = 4.15.0-55-generic
	path.separator = :
	program.name = JBossTools: WildFly 17 at localhost
	sun.arch.data.model = 64
	sun.boot.library.path = /usr/lib/jvm/java-11-openjdk-amd64/lib
	sun.cpu.endian = little
	sun.cpu.isalist = 
	sun.desktop = gnome
	sun.io.unicode.encoding = UnicodeLittle
	sun.java.command = org.jboss.modules.Main -mp /home/marco/ProjetosGitHub/Java/ArquivosJava/wildfly-17.0.1.Final/modules org.jboss.as.standalone -b localhost --server-config=standalone.xml -Djboss.server.base.dir=/home/marco/ProjetosGitHub/Java/ArquivosJava/wildfly-17.0.1.Final/standalone
	sun.java.launcher = SUN_STANDARD
	sun.jnu.encoding = UTF-8
	sun.management.compiler = HotSpot 64-Bit Tiered Compilers
	sun.os.patch.level = unknown
	sun.rmi.dgc.client.gcInterval = 3600000
	sun.rmi.dgc.server.gcInterval = 3600000
	user.country = BR
	user.dir = /home/marco/ProjetosGitHub/Java/ArquivosJava/wildfly-17.0.1.Final/bin
	user.home = /home/marco
	user.language = pt
	user.name = marco
	user.timezone = America/Sao_Paulo
2019-08-01 23:53:15,639 DEBUG [org.jboss.as.config] (MSC service thread 1-2) VM Arguments: -Dprogram.name=JBossTools: WildFly 17 at localhost -Xms64m -Xmx512m -Dorg.jboss.resolver.warning=true -Djava.net.preferIPv4Stack=true -Dsun.rmi.dgc.client.gcInterval=3600000 -Dsun.rmi.dgc.server.gcInterval=3600000 -Djboss.modules.system.pkgs=org.jboss.byteman -Djava.awt.headless=true -Dorg.jboss.boot.log.file=/home/marco/ProjetosGitHub/Java/ArquivosJava/wildfly-17.0.1.Final/standalone/log/boot.log -Dlogging.configuration=file:/home/marco/ProjetosGitHub/Java/ArquivosJava/wildfly-17.0.1.Final/standalone/configuration/logging.properties -Djboss.home.dir=/home/marco/ProjetosGitHub/Java/ArquivosJava/wildfly-17.0.1.Final -Dorg.jboss.logmanager.nocolor=true --add-exports=java.base/sun.nio.ch=ALL-UNNAMED --add-exports=jdk.unsupported/sun.misc=ALL-UNNAMED --add-exports=jdk.unsupported/sun.reflect=ALL-UNNAMED --add-modules=java.se -Djboss.bind.address.management=localhost -Dfile.encoding=UTF-8 
2019-08-01 23:53:16,637 INFO  [org.wildfly.security] (ServerService Thread Pool -- 8) ELY00001: WildFly Elytron version 1.9.1.Final
2019-08-01 23:53:17,288 INFO  [org.jboss.as.controller.management-deprecated] (Controller Boot Thread) WFLYCTL0028: Attribute 'security-realm' in the resource at address '/core-service=management/management-interface=http-interface' is deprecated, and may be removed in a future version. See the attribute description in the output of the read-resource-description operation to learn more about the deprecation.
2019-08-01 23:53:17,336 INFO  [org.jboss.as.controller.management-deprecated] (ServerService Thread Pool -- 19) WFLYCTL0028: Attribute 'security-realm' in the resource at address '/subsystem=undertow/server=default-server/https-listener=https' is deprecated, and may be removed in a future version. See the attribute description in the output of the read-resource-description operation to learn more about the deprecation.
2019-08-01 23:53:17,466 INFO  [org.jboss.as.server] (Controller Boot Thread) WFLYSRV0039: Creating http management service using socket-binding (management-http)
2019-08-01 23:53:17,486 INFO  [org.xnio] (MSC service thread 1-8) XNIO version 3.7.2.Final
2019-08-01 23:53:17,498 INFO  [org.xnio.nio] (MSC service thread 1-8) XNIO NIO Implementation Version 3.7.2.Final
2019-08-01 23:53:17,562 INFO  [org.jboss.as.clustering.infinispan] (ServerService Thread Pool -- 51) WFLYCLINF0001: Activating Infinispan subsystem.
2019-08-01 23:53:17,582 INFO  [org.jboss.as.jsf] (ServerService Thread Pool -- 58) WFLYJSF0007: Activated the following JSF Implementations: [main]
2019-08-01 23:53:17,573 INFO  [org.wildfly.extension.io] (ServerService Thread Pool -- 52) WFLYIO001: Worker 'default' has auto-configured to 16 core threads with 128 task threads based on your 8 available processors
2019-08-01 23:53:17,584 INFO  [org.jboss.as.jaxrs] (ServerService Thread Pool -- 53) WFLYRS0016: RESTEasy version 3.7.0.Final
2019-08-01 23:53:17,606 INFO  [org.wildfly.extension.microprofile.config.smallrye._private] (ServerService Thread Pool -- 60) WFLYCONF0001: Activating WildFly MicroProfile Config Subsystem
2019-08-01 23:53:17,617 INFO  [org.jboss.as.naming] (ServerService Thread Pool -- 64) WFLYNAM0001: Activating Naming Subsystem
2019-08-01 23:53:17,628 INFO  [org.wildfly.extension.microprofile.opentracing] (ServerService Thread Pool -- 63) WFLYTRACEXT0001: Activating MicroProfile OpenTracing Subsystem
2019-08-01 23:53:17,623 INFO  [org.jboss.as.connector] (MSC service thread 1-5) WFLYJCA0009: Starting JCA Subsystem (WildFly/IronJacamar 1.4.16.Final)
2019-08-01 23:53:17,628 INFO  [org.wildfly.extension.microprofile.metrics.smallrye] (ServerService Thread Pool -- 62) WFLYMETRICS0001: Activating Eclipse MicroProfile Metrics Subsystem
2019-08-01 23:53:17,637 INFO  [org.wildfly.extension.microprofile.health.smallrye] (ServerService Thread Pool -- 61) WFLYHEALTH0001: Activating Eclipse MicroProfile Health Subsystem
2019-08-01 23:53:17,657 INFO  [org.jboss.as.security] (ServerService Thread Pool -- 70) WFLYSEC0002: Activating Security Subsystem
2019-08-01 23:53:17,643 WARN  [org.jboss.as.txn] (ServerService Thread Pool -- 72) WFLYTX0013: The node-identifier attribute on the /subsystem=transactions is set to the default value. This is a danger for environments running multiple servers. Please make sure the attribute value is unique.
2019-08-01 23:53:17,640 INFO  [org.jboss.as.connector.subsystems.datasources] (ServerService Thread Pool -- 43) WFLYJCA0004: Deploying JDBC-compliant driver class org.h2.Driver (version 1.4)
2019-08-01 23:53:17,675 INFO  [org.jboss.as.security] (MSC service thread 1-5) WFLYSEC0001: Current PicketBox version=5.0.3.Final
2019-08-01 23:53:17,698 INFO  [org.jboss.as.connector.deployers.jdbc] (MSC service thread 1-3) WFLYJCA0018: Started Driver service with driver-name = h2
2019-08-01 23:53:17,711 INFO  [org.jboss.remoting] (MSC service thread 1-2) JBoss Remoting version 5.0.12.Final
2019-08-01 23:53:17,731 INFO  [org.jboss.as.webservices] (ServerService Thread Pool -- 74) WFLYWS0002: Activating WebServices Extension
2019-08-01 23:53:17,752 INFO  [org.wildfly.extension.undertow] (MSC service thread 1-6) WFLYUT0003: Undertow 2.0.21.Final starting
2019-08-01 23:53:17,771 INFO  [org.jboss.as.naming] (MSC service thread 1-1) WFLYNAM0003: Starting Naming Service
2019-08-01 23:53:17,772 INFO  [org.jboss.as.mail.extension] (MSC service thread 1-6) WFLYMAIL0001: Bound mail session [java:jboss/mail/Default]
2019-08-01 23:53:17,813 INFO  [io.smallrye.metrics] (MSC service thread 1-7) Converted [2] config entries and added [4] replacements
2019-08-01 23:53:17,826 INFO  [io.smallrye.metrics] (MSC service thread 1-7) Converted [3] config entries and added [18] replacements
2019-08-01 23:53:17,984 INFO  [org.wildfly.extension.undertow] (MSC service thread 1-2) WFLYUT0012: Started server default-server.
2019-08-01 23:53:17,977 INFO  [org.wildfly.extension.undertow] (ServerService Thread Pool -- 73) WFLYUT0014: Creating file handler for path '/home/marco/ProjetosGitHub/Java/ArquivosJava/wildfly-17.0.1.Final/welcome-content' with options [directory-listing: 'false', follow-symlink: 'false', case-sensitive: 'true', safe-symlink-paths: '[]']
2019-08-01 23:53:17,993 INFO  [org.wildfly.extension.undertow] (MSC service thread 1-6) WFLYUT0018: Host default-host starting
2019-08-01 23:53:17,997 INFO  [org.jboss.as.ejb3] (MSC service thread 1-3) WFLYEJB0481: Strict pool slsb-strict-max-pool is using a max instance size of 128 (per class), which is derived from thread worker pool sizing.
2019-08-01 23:53:17,997 INFO  [org.jboss.as.ejb3] (MSC service thread 1-7) WFLYEJB0482: Strict pool mdb-strict-max-pool is using a max instance size of 32 (per class), which is derived from the number of CPUs on this host.
2019-08-01 23:53:18,133 INFO  [org.wildfly.extension.undertow] (MSC service thread 1-8) WFLYUT0006: Undertow HTTP listener default listening on 127.0.0.1:8080
2019-08-01 23:53:18,339 INFO  [org.jboss.as.ejb3] (MSC service thread 1-1) WFLYEJB0493: EJB subsystem suspension complete
2019-08-01 23:53:18,427 INFO  [org.jboss.as.connector.subsystems.datasources] (MSC service thread 1-4) WFLYJCA0001: Bound data source [java:jboss/datasources/ExampleDS]
2019-08-01 23:53:18,612 INFO  [org.jboss.as.patching] (MSC service thread 1-8) WFLYPAT0050: WildFly Full cumulative patch ID is: base, one-off patches include: none
2019-08-01 23:53:18,639 WARN  [org.jboss.as.domain.management.security] (MSC service thread 1-1) WFLYDM0111: Keystore /home/marco/ProjetosGitHub/Java/ArquivosJava/wildfly-17.0.1.Final/standalone/configuration/application.keystore not found, it will be auto generated on first use with a self signed certificate for host localhost
2019-08-01 23:53:18,660 INFO  [org.jboss.as.server.deployment.scanner] (MSC service thread 1-8) WFLYDS0013: Started FileSystemDeploymentService for directory /home/marco/ProjetosGitHub/Java/ArquivosJava/wildfly-17.0.1.Final/standalone/deployments
2019-08-01 23:53:18,727 INFO  [org.wildfly.extension.undertow] (MSC service thread 1-8) WFLYUT0006: Undertow HTTPS listener https listening on 127.0.0.1:8443
2019-08-01 23:53:18,821 INFO  [org.jboss.ws.common.management] (MSC service thread 1-3) JBWS022052: Starting JBossWS 5.3.0.Final (Apache CXF 3.3.2) 
2019-08-01 23:53:18,998 INFO  [org.jboss.as.server] (Controller Boot Thread) WFLYSRV0212: Resuming server
2019-08-01 23:53:19,002 INFO  [org.jboss.as] (Controller Boot Thread) WFLYSRV0060: Http management interface listening on http://127.0.0.1:9990/management
2019-08-01 23:53:19,003 INFO  [org.jboss.as] (Controller Boot Thread) WFLYSRV0051: Admin console listening on http://127.0.0.1:9990
2019-08-01 23:53:19,003 INFO  [org.jboss.as] (Controller Boot Thread) WFLYSRV0025: WildFly Full 17.0.1.Final (WildFly Core 9.0.2.Final) started in 4722ms - Started 314 of 576 services (369 services are lazy, passive or on-demand)
2019-08-01 23:54:24,584 INFO  [org.jboss.as.server] (management-handler-thread - 1) WFLYSRV0272: Suspending server
2019-08-01 23:54:24,588 INFO  [org.jboss.as.ejb3] (management-handler-thread - 1) WFLYEJB0493: EJB subsystem suspension complete
2019-08-01 23:54:24,589 INFO  [org.jboss.as.server] (Management Triggered Shutdown) WFLYSRV0241: Shutting down in response to management operation 'shutdown'
2019-08-01 23:54:24,605 INFO  [org.jboss.as.connector.subsystems.datasources] (MSC service thread 1-7) WFLYJCA0010: Unbound data source [java:jboss/datasources/ExampleDS]
2019-08-01 23:54:24,627 INFO  [org.jboss.as.mail.extension] (MSC service thread 1-4) WFLYMAIL0002: Unbound mail session [java:jboss/mail/Default]
2019-08-01 23:54:24,632 INFO  [org.wildfly.extension.undertow] (MSC service thread 1-5) WFLYUT0019: Host default-host stopping
2019-08-01 23:54:24,638 INFO  [org.wildfly.extension.undertow] (MSC service thread 1-3) WFLYUT0008: Undertow HTTPS listener https suspending
2019-08-01 23:54:24,644 INFO  [org.jboss.as.connector.deployers.jdbc] (MSC service thread 1-5) WFLYJCA0019: Stopped Driver service with driver-name = h2
2019-08-01 23:54:24,647 INFO  [org.wildfly.extension.undertow] (MSC service thread 1-7) WFLYUT0008: Undertow HTTP listener default suspending
2019-08-01 23:54:24,650 INFO  [org.wildfly.extension.undertow] (MSC service thread 1-7) WFLYUT0007: Undertow HTTP listener default stopped, was bound to 127.0.0.1:8080
2019-08-01 23:54:24,650 INFO  [org.wildfly.extension.undertow] (MSC service thread 1-3) WFLYUT0007: Undertow HTTPS listener https stopped, was bound to 127.0.0.1:8443
2019-08-01 23:54:24,659 INFO  [org.wildfly.extension.undertow] (MSC service thread 1-3) WFLYUT0004: Undertow 2.0.21.Final stopping
2019-08-01 23:54:24,669 INFO  [org.jboss.as] (MSC service thread 1-7) WFLYSRV0050: WildFly Full 17.0.1.Final (WildFly Core 9.0.2.Final) stopped in 63ms
